<?xml version="1.0" encoding="UTF-8"?>
<!-- Generated by org.testng.reporters.JUnitReportReporter -->
<testsuite skipped="0" hostname="DESKTOP-TP60Q21" name="addcategoryTest.AddCategoryTest" tests="2" failures="0" timestamp="2022-05-18T15:05:53 CDT" time="6.282" errors="0">
  <testcase name="Test1" time="3.989" classname="addcategoryTest.AddCategoryTest"/>
  <system-out/>
  <testcase name="Test2" time="2.293" classname="addcategoryTest.AddCategoryTest"/>
  <system-out/>
</testsuite> <!-- addcategoryTest.AddCategoryTest -->
